<?xml version="1.0" encoding="UTF-8"?>
<!-- Generated by org.testng.reporters.JUnitReportReporter -->
<testsuite hostname="DESKTOP-Lenovo" failures="0" tests="1" name="com.rest.practice.PostRequest" time="4.086" errors="0" timestamp="2024-06-18T01:26:11 IST" skipped="0">
  <testcase classname="com.rest.practice.PostRequest" name="postUser" time="4.086"/>
</testsuite> <!-- com.rest.practice.PostRequest -->
