<?xml version="1.0" encoding="UTF-8"?>
<!-- Generated by org.testng.reporters.JUnitReportReporter -->
<testsuite hostname="DESKTOP-Lenovo" failures="0" tests="2" name="com.rest.practice.GetRequest" time="2.660" errors="0" timestamp="2024-06-18T00:14:31 IST" skipped="0">
  <testcase classname="com.rest.practice.GetRequest" name="get_Allusers" time="2.467"/>
  <testcase classname="com.rest.practice.GetRequest" name="get_Singleusers" time="0.193"/>
</testsuite> <!-- com.rest.practice.GetRequest -->
